<?xml version="1.0" encoding="UTF-8"?>
<!-- Generated by org.testng.reporters.JUnitReportReporter -->
<testsuite ignored="0" hostname="NSABAN-NB" failures="0" tests="1" name="prueba.NewTestSel" time="18.132" errors="0" timestamp="05 Sep 2022 16:18:16 GMT" skipped="0">
  <testcase classname="prueba.NewTestSel" name="testsel" time="18.132"/>
</testsuite> <!-- prueba.NewTestSel -->
