<?xml version="1.0" encoding="UTF-8"?>
<!-- Generated by org.testng.reporters.JUnitReportReporter -->
<testsuite ignored="0" hostname="NSABAN-NB" failures="0" tests="1" name="testCases_Login.TC_Login" time="15.282" errors="0" timestamp="29 sep. 2022 23:07:27 GMT" skipped="0">
  <testcase classname="testCases_Login.TC_Login" name="login" time="15.282"/>
</testsuite> <!-- testCases_Login.TC_Login -->
