<?xml version="1.0" encoding="UTF-8"?>
<!-- Generated by org.testng.reporters.JUnitReportReporter -->
<testsuite ignored="0" hostname="NSABAN-NB" failures="0" tests="1" name="prueba.NewTestSel" time="2.235" errors="0" timestamp="27 Aug 2022 15:24:50 GMT" skipped="0">
  <testcase classname="prueba.NewTestSel" name="testsel" time="2.235"/>
</testsuite> <!-- prueba.NewTestSel -->
