<?xml version="1.0" encoding="UTF-8"?>
<!-- Generated by org.testng.reporters.JUnitReportReporter -->
<testsuite ignored="0" hostname="NSABAN-NB" failures="0" tests="1" name="testCases_Search.TC_05_SearchExcel" time="6.198" errors="0" timestamp="01 oct. 2022 14:53:47 GMT" skipped="0">
  <testcase classname="testCases_Search.TC_05_SearchExcel" name="TC_05" time="6.198"/>
</testsuite> <!-- testCases_Search.TC_05_SearchExcel -->
