<?xml version="1.0" encoding="UTF-8"?>
<!-- Generated by org.testng.reporters.JUnitReportReporter -->
<testsuite ignored="0" hostname="NSABAN-NB" failures="0" tests="1" name="testCases_Search.TC_01_SearchDress" time="5.688" errors="0" timestamp="01 oct. 2022 13:32:23 GMT" skipped="0">
  <testcase classname="testCases_Search.TC_01_SearchDress" name="TC_01" time="5.688"/>
</testsuite> <!-- testCases_Search.TC_01_SearchDress -->
