<?xml version="1.0" encoding="UTF-8"?>
<!-- Generated by org.testng.reporters.JUnitReportReporter -->
<testsuite ignored="0" hostname="NSABAN-NB" failures="0" tests="1" name="testCases_Search.TC_01_SearchDress" time="11.023" errors="0" timestamp="27 Sep 2022 15:31:13 GMT" skipped="0">
  <testcase classname="testCases_Search.TC_01_SearchDress" name="TC_01" time="11.023"/>
</testsuite> <!-- testCases_Search.TC_01_SearchDress -->
