<?xml version="1.0" encoding="UTF-8"?>
<!-- Generated by org.testng.reporters.JUnitReportReporter -->
<testsuite ignored="0" hostname="NSABAN-NB" failures="0" tests="4" name="prueba.TestHardAssert" time="11.076" errors="0" timestamp="24 Sep 2022 13:51:46 GMT" skipped="0">
  <testcase classname="prueba.TestHardAssert" name="test1" time="0.011"/>
  <testcase classname="prueba.TestHardAssert" name="test3" time="0.001"/>
  <testcase classname="prueba.TestHardAssert" name="verificarTituloDePagina" time="11.061"/>
  <testcase classname="prueba.TestHardAssert" name="test2" time="0.003"/>
</testsuite> <!-- prueba.TestHardAssert -->
